console/common_en.txt
console/consoleTest.java
console/dialog.tree
console/errors.dlg
console/test.conf
console/test.dlg
console/test.quest
console/test.tree
sphinx/models/hmm/en-us-semi/README
sphinx/models/hmm/en-us-semi/feat.params
sphinx/models/hmm/en-us-semi/mdef
sphinx/models/hmm/en-us-semi/means
sphinx/models/hmm/en-us-semi/noisedict
sphinx/models/hmm/en-us-semi/sendump
sphinx/models/hmm/en-us-semi/transition_matrices
sphinx/models/hmm/en-us-semi/variances
sphinx/models/hmm/en_US/hub4wsj_sc_8k/feat.params
sphinx/models/hmm/en_US/hub4wsj_sc_8k/mdef
sphinx/models/hmm/en_US/hub4wsj_sc_8k/means
sphinx/models/hmm/en_US/hub4wsj_sc_8k/noisedict
sphinx/models/hmm/en_US/hub4wsj_sc_8k/sendump
sphinx/models/hmm/en_US/hub4wsj_sc_8k/transition_matrices
sphinx/models/hmm/en_US/hub4wsj_sc_8k/variances
sphinx/models/lm/en_US/cmu07a.dic
sphinx/models/lm/en_US/hub4.5000.DMP
sphinx/models/lm/en_US/hub4.5000.dic
sphinx/models/lm/en_US/wsj0vp.5000.DMP
sphinx/test.arpabo.DMP